03:31:39.073 [main                     ] DEBUG GameApplication      - Logger initialized
03:31:39.108 [main                     ] DEBUG GameApplication      - Logging settings
Title: Untitled Car Game
Version: 0.0.1
Width: 800
Height: 600
Fullscreen: false
Intro: false
Profiling: false
Single step:false
App Mode: DEVELOPER
Menu Key: ESCAPE
Stage Style: DECORATED
Scene Factory: class com.almasb.fxgl.app.scene.SceneFactory

03:31:39.605 [JavaFX Application Thread] DEBUG GameApplication      - Initializing FXGL
03:31:39.617 [JavaFX Application Thread] INFO  Engine               - FXGL-11.9 (27.05.2020 17.31) on LINUX (J:11.0.8 FX:13.0.2)
03:31:39.617 [JavaFX Application Thread] DEBUG Engine               - JRE Vendor Name: Ubuntu
03:31:39.618 [JavaFX Application Thread] DEBUG Engine               - Running on OS: Linux version 5.4.0-39-generic
03:31:39.618 [JavaFX Application Thread] DEBUG Engine               - Architecture: amd64
03:31:39.618 [JavaFX Application Thread] INFO  Engine               - Source code and latest versions at: https://github.com/AlmasB/FXGL
03:31:39.618 [JavaFX Application Thread] INFO  Engine               -              Join the FXGL chat at: https://gitter.im/AlmasB/FXGL
03:31:39.773 [JavaFX Application Thread] DEBUG MainWindow           - Creating a JavaFX scene
03:31:39.932 [JavaFX Application Thread] DEBUG MainWindow           - Target settings size: 800.0 x 600.0
03:31:39.932 [JavaFX Application Thread] DEBUG MainWindow           - Scaled scene size:    800.0 x 600.0
03:31:39.932 [JavaFX Application Thread] DEBUG MainWindow           - Scaled ratio: (1.0, 1.0)
03:31:39.934 [JavaFX Application Thread] DEBUG MainWindow           - Set initial scene to FXGLStartupScene
03:31:39.940 [JavaFX Application Thread] DEBUG MainWindow           - Opening main window
03:31:39.997 [JavaFX Application Thread] DEBUG MainWindow           - Window border size: (2.0, 29.0)
03:31:39.998 [JavaFX Application Thread] DEBUG MainWindow           - Scaled size: 800.0 x 600.0
03:31:39.998 [JavaFX Application Thread] DEBUG MainWindow           - Scaled ratio: (1.0, 1.0)
03:31:39.998 [JavaFX Application Thread] DEBUG MainWindow           - Scene size: 800.0 x 600.0
03:31:39.998 [JavaFX Application Thread] DEBUG MainWindow           - Stage size: 802.0 x 629.0
03:31:40.007 [FXGL Background Thread 1 ] DEBUG Engine               - Initializing environment variables
03:31:40.042 [FXGL Background Thread 1 ] DEBUG WindowService        - Applying CSS: fxgl_dark.css
03:31:40.042 [FXGL Background Thread 1 ] DEBUG AssetLoaderService   - Loading from file system: /assets/ui/css/fxgl_dark.css
03:31:40.107 [FXGL Background Thread 1 ] DEBUG WindowService        - Initializing application scenes
03:31:40.155 [FXGL Background Thread 1 ] DEBUG GameWorld            - Game world initialized
03:31:40.203 [FXGL Background Thread 1 ] DEBUG PhysicsWorld         - Physics world initialized: appHeight=600, physics.ppm=50.0
03:31:40.206 [FXGL Background Thread 1 ] DEBUG GameScene            - Game scene initialized: 800x600
03:31:40.241 [FXGL Background Thread 1 ] DEBUG AssetLoaderService   - Loading from file system: /assets/textures/particles/trace_horizontal.png
03:31:40.295 [FXGL Background Thread 1 ] DEBUG FXGL.DefaultMenu     - createMenuBodyGameMenu()
03:31:40.311 [FXGL Background Thread 1 ] DEBUG FXGL.DefaultMenu     - createOptionsMenu()
03:31:40.316 [FXGL Background Thread 1 ] DEBUG AssetLoaderService   - Loading from file system: /assets/textures/particles/smoke.png
03:31:40.380 [FXGL Background Thread 1 ] DEBUG WindowService        - Application scenes initialized
03:31:40.396 [FXGL Background Thread 1 ] DEBUG SystemBundleService  - Loading default FXGL system data
03:31:40.397 [FXGL Background Thread 1 ] INFO  Engine               - FXGL initialization took: 0.387 sec
03:31:40.398 [FXGL Background Thread 1 ] DEBUG GameApplication      - Loading localizations
03:31:40.399 [FXGL Background Thread 1 ] DEBUG AssetLoaderService   - Loading from file system: /assets/languages/english.lang
03:31:40.412 [FXGL Background Thread 1 ] DEBUG AssetLoaderService   - Loading from file system: /assets/languages/french.lang
03:31:40.414 [FXGL Background Thread 1 ] DEBUG AssetLoaderService   - Loading from file system: /assets/languages/german.lang
03:31:40.416 [FXGL Background Thread 1 ] DEBUG AssetLoaderService   - Loading from file system: /assets/languages/hungarian.lang
03:31:40.423 [FXGL Background Thread 1 ] DEBUG AssetLoaderService   - Loading from file system: /assets/languages/russian.lang
03:31:40.426 [FXGL Background Thread 1 ] DEBUG GameApplication      - Registering font factories with UI factory
03:31:40.427 [FXGL Background Thread 1 ] DEBUG AssetLoaderService   - Loading from file system: /assets/ui/fonts/VarelaRound-Regular.ttf
03:31:40.439 [FXGL Background Thread 1 ] DEBUG AssetLoaderService   - Loading from file system: /assets/ui/fonts/Abel-Regular.ttf
03:31:40.442 [FXGL Background Thread 1 ] DEBUG AssetLoaderService   - Loading from file system: /assets/ui/fonts/lucida_console.ttf
03:31:40.445 [FXGL Background Thread 1 ] DEBUG AssetLoaderService   - Loading from file system: /assets/ui/fonts/Courier-Prime.ttf
03:31:40.449 [JavaFX Application Thread] DEBUG AssetLoaderService   - Loading from file system: /assets/textures/fxgl_icon.png
03:31:40.483 [JavaFX Application Thread] DEBUG AssetLoaderService   - Loading from file system: /assets/ui/cursors/fxgl_default.png
03:31:40.496 [JavaFX Application Thread] DEBUG Input                - Registered new binding: Screenshot - P
03:31:40.496 [JavaFX Application Thread] DEBUG Input                - Registered new binding: System info dump - CTRL+9
03:31:40.497 [JavaFX Application Thread] DEBUG Input                - Registered new binding: Restart - CTRL+R
03:31:40.498 [JavaFX Application Thread] DEBUG LoopRunner           - Starting loop
03:31:40.504 [JavaFX Application Thread] DEBUG FXGLStartupScene     - STARTUP
03:31:40.504 [JavaFX Application Thread] DEBUG WindowService        - Starting new game
03:31:40.505 [JavaFX Application Thread] DEBUG Input                - Clearing active input actions
03:31:40.518 [JavaFX Application Thread] DEBUG WindowService        - Removing overlay from FXGLStartupScene and adding to FXGLLoadingScene
03:31:40.518 [JavaFX Application Thread] DEBUG MainWindow           - FXGLStartupScene -> FXGLLoadingScene
03:31:40.518 [JavaFX Application Thread] DEBUG WindowService        - Clearing previous game
03:31:40.519 [JavaFX Application Thread] DEBUG GameScene            - Clearing game scene
03:31:40.519 [JavaFX Application Thread] DEBUG GameWorld            - Clearing game world
03:31:40.519 [JavaFX Application Thread] DEBUG PhysicsWorld         - Clearing physics world
03:31:40.520 [FXGL Background Thread 1 ] DEBUG GameApplication      - Initializing game
03:31:40.521 [FXGL Background Thread 1 ] INFO  GameApplication      - Game initialization took: 0.001 sec
03:31:40.613 [JavaFX Application Thread] DEBUG Input                - Clearing active input actions
03:31:40.622 [JavaFX Application Thread] DEBUG WindowService        - Removing overlay from FXGLLoadingScene and adding to GameScene
03:31:40.622 [JavaFX Application Thread] DEBUG MainWindow           - FXGLLoadingScene -> GameScene
03:31:41.599 [JavaFX Application Thread] DEBUG GameApplication      - Exiting FXGL
03:31:41.600 [JavaFX Application Thread] DEBUG LoopRunner           - Stopping loop
03:31:41.600 [JavaFX Application Thread] DEBUG SystemBundleService  - Saving FXGL system data
03:31:41.603 [JavaFX Application Thread] DEBUG FileSystemAccess     - Writing to: /home/evan/IdeaProjects/JavaCarGame - Dev/system/fxgl.bundle
03:31:41.614 [JavaFX Application Thread] DEBUG GameApplication      - Shutting down background threads
03:31:41.615 [JavaFX Application Thread] DEBUG GameApplication      - Closing logger and exiting JavaFX
